<?xml version="1.0" encoding="UTF-8"?>
<testng-results skipped="0" failed="0" total="1" passed="1">
  <reporter-output>
  </reporter-output>
  <suite name="Default suite" duration-ms="18705" started-at="2018-03-06T07:22:49Z" finished-at="2018-03-06T07:23:08Z">
    <groups>
    </groups>
    <test name="Default test" duration-ms="18705" started-at="2018-03-06T07:22:49Z" finished-at="2018-03-06T07:23:08Z">
      <class name="com.WordPress.TestCases.ValidLogin">
        <test-method status="PASS" signature="login()[pri:0, instance:com.WordPress.TestCases.ValidLogin@38203]" name="login" duration-ms="18679" started-at="2018-03-06T12:52:49Z" finished-at="2018-03-06T12:53:08Z">
          <reporter-output>
          </reporter-output>
        </test-method> <!-- login -->
      </class> <!-- com.WordPress.TestCases.ValidLogin -->
    </test> <!-- Default test -->
  </suite> <!-- Default suite -->
</testng-results>
